<?xml version="1.0" encoding="UTF-8"?>
<testng-results ignored="0" total="9" passed="9" failed="0" skipped="0">
  <reporter-output>
  </reporter-output>
  <suite started-at="2025-04-28T01:01:55 IST" name="Test Suite for Buildout" finished-at="2025-04-28T01:02:24 IST" duration-ms="29139">
    <groups>
    </groups>
    <test started-at="2025-04-28T01:01:55 IST" name="Test Cases for Buildout" finished-at="2025-04-28T01:02:24 IST" duration-ms="29139">
      <class name="TestCases">
        <test-method signature="testCase01()[pri:0, instance:TestCases@54709809]" started-at="2025-04-28T01:01:55 IST" name="testCase01" finished-at="2025-04-28T01:01:57 IST" duration-ms="1926" status="PASS">
          <reporter-output>
          </reporter-output>
        </test-method> <!-- testCase01 -->
        <test-method signature="testCase02()[pri:0, instance:TestCases@54709809]" started-at="2025-04-28T01:01:57 IST" name="testCase02" finished-at="2025-04-28T01:01:58 IST" duration-ms="1205" status="PASS">
          <reporter-output>
          </reporter-output>
        </test-method> <!-- testCase02 -->
        <test-method signature="testCase03()[pri:0, instance:TestCases@54709809]" started-at="2025-04-28T01:01:58 IST" name="testCase03" finished-at="2025-04-28T01:01:59 IST" duration-ms="1266" status="PASS">
          <reporter-output>
          </reporter-output>
        </test-method> <!-- testCase03 -->
        <test-method signature="testCase04()[pri:0, instance:TestCases@54709809]" started-at="2025-04-28T01:01:59 IST" name="testCase04" finished-at="2025-04-28T01:02:00 IST" duration-ms="806" status="PASS">
          <reporter-output>
          </reporter-output>
        </test-method> <!-- testCase04 -->
        <test-method signature="testCase05()[pri:0, instance:TestCases@54709809]" started-at="2025-04-28T01:02:00 IST" name="testCase05" finished-at="2025-04-28T01:02:02 IST" duration-ms="1815" status="PASS">
          <reporter-output>
          </reporter-output>
        </test-method> <!-- testCase05 -->
        <test-method signature="testCase06()[pri:0, instance:TestCases@54709809]" started-at="2025-04-28T01:02:02 IST" name="testCase06" finished-at="2025-04-28T01:02:04 IST" duration-ms="1742" status="PASS">
          <reporter-output>
          </reporter-output>
        </test-method> <!-- testCase06 -->
        <test-method signature="testCase07()[pri:0, instance:TestCases@54709809]" started-at="2025-04-28T01:02:04 IST" name="testCase07" finished-at="2025-04-28T01:02:05 IST" duration-ms="1133" status="PASS">
          <reporter-output>
          </reporter-output>
        </test-method> <!-- testCase07 -->
        <test-method signature="testCase08()[pri:0, instance:TestCases@54709809]" started-at="2025-04-28T01:02:05 IST" name="testCase08" finished-at="2025-04-28T01:02:24 IST" duration-ms="18899" status="PASS">
          <reporter-output>
          </reporter-output>
        </test-method> <!-- testCase08 -->
        <test-method signature="testCase09()[pri:0, instance:TestCases@54709809]" started-at="2025-04-28T01:02:24 IST" name="testCase09" finished-at="2025-04-28T01:02:24 IST" duration-ms="47" status="PASS">
          <reporter-output>
          </reporter-output>
        </test-method> <!-- testCase09 -->
        <test-method is-config="true" signature="endTest()[pri:0, instance:TestCases@54709809]" started-at="2025-04-28T01:02:24 IST" name="endTest" finished-at="2025-04-28T01:02:24 IST" duration-ms="242" status="PASS">
          <reporter-output>
          </reporter-output>
        </test-method> <!-- endTest -->
      </class> <!-- TestCases -->
    </test> <!-- Test Cases for Buildout -->
  </suite> <!-- Test Suite for Buildout -->
</testng-results>
